build/app/intermediates/manifest_merge_blame_file/release/processReleaseMainManifest/manifest-merger-blame-release-report.txt
1<?xml version="1.0" encoding="utf-8"?>
2<manifest xmlns:android="http://schemas.android.com/apk/res/android"
3    package="mir4.inovanex"
4    android:versionCode="1"
5    android:versionName="1.0.0" >
6
7    <uses-sdk
8        android:minSdkVersion="23"
9        android:targetSdkVersion="35" />
10
11    <uses-permission android:name="android.permission.INTERNET" />
11-->src\main\AndroidManifest.xml:4:5-66
11-->src\main\AndroidManifest.xml:4:22-64
12    <uses-permission android:name="android.permission.CAMERA" />
12-->src\main\AndroidManifest.xml:5:5-64
12-->src\main\AndroidManifest.xml:5:22-62
13    <uses-permission android:name="android.permission.POST_NOTIFICATIONS" />
13-->src\main\AndroidManifest.xml:6:5-76
13-->src\main\AndroidManifest.xml:6:22-74
14    <uses-permission android:name="android.permission.WAKE_LOCK" />
14-->[:firebase_messaging] AndroidManifest.xml:8:5-68
14-->[:firebase_messaging] AndroidManifest.xml:8:22-65
15    <uses-permission android:name="android.permission.ACCESS_NETWORK_STATE" />
15-->[:firebase_messaging] AndroidManifest.xml:9:5-79
15-->[:firebase_messaging] AndroidManifest.xml:9:22-76
16
17    <uses-feature android:name="android.hardware.camera" />
17-->[:flutter_barcode_scanner] AndroidManifest.xml:9:5-60
17-->[:flutter_barcode_scanner] AndroidManifest.xml:9:19-57
18
19    <uses-permission android:name="android.permission.FLASHLIGHT" /> <!-- Required by older versions of Google Play services to create IID tokens -->
19-->[:flutter_barcode_scanner] AndroidManifest.xml:11:5-69
19-->[:flutter_barcode_scanner] AndroidManifest.xml:11:22-66
20    <uses-permission android:name="com.google.android.c2dm.permission.RECEIVE" />
20-->[com.google.firebase:firebase-iid:21.1.0] AndroidManifest.xml:26:5-82
20-->[com.google.firebase:firebase-iid:21.1.0] AndroidManifest.xml:26:22-79
21    <uses-permission android:name="com.google.android.providers.gsf.permission.READ_GSERVICES" />
21-->[com.google.android.recaptcha:recaptcha:18.6.1] AndroidManifest.xml:9:5-98
21-->[com.google.android.recaptcha:recaptcha:18.6.1] AndroidManifest.xml:9:22-95
22
23    <permission
23-->[androidx.core:core:1.13.1] AndroidManifest.xml:22:5-24:47
24        android:name="mir4.inovanex.DYNAMIC_RECEIVER_NOT_EXPORTED_PERMISSION"
24-->[androidx.core:core:1.13.1] AndroidManifest.xml:23:9-81
25        android:protectionLevel="signature" />
25-->[androidx.core:core:1.13.1] AndroidManifest.xml:24:9-44
26
27    <uses-permission android:name="mir4.inovanex.DYNAMIC_RECEIVER_NOT_EXPORTED_PERMISSION" />
27-->[androidx.core:core:1.13.1] AndroidManifest.xml:26:5-97
27-->[androidx.core:core:1.13.1] AndroidManifest.xml:26:22-94
28
29    <application
29-->src\main\AndroidManifest.xml:7:5-62:19
30        android:appComponentFactory="androidx.core.app.CoreComponentFactory"
30-->[androidx.core:core:1.13.1] AndroidManifest.xml:28:18-86
31        android:extractNativeLibs="false"
32        android:icon="@mipmap/ic_launcher"
32-->src\main\AndroidManifest.xml:10:9-43
33        android:label="mir4"
33-->src\main\AndroidManifest.xml:8:9-29
34        android:largeHeap="true"
34-->[:flutter_barcode_scanner] AndroidManifest.xml:14:9-33
35        android:requestLegacyExternalStorage="true"
35-->src\main\AndroidManifest.xml:11:9-52
36        android:theme="@style/Theme.AppCompat.NoActionBar" >
36-->[:flutter_barcode_scanner] AndroidManifest.xml:15:9-59
37        <activity
37-->src\main\AndroidManifest.xml:13:9-51:20
38            android:name="mir4.inovanex.MainActivity"
38-->src\main\AndroidManifest.xml:14:13-41
39            android:configChanges="orientation|keyboardHidden|keyboard|screenSize|smallestScreenSize|locale|layoutDirection|fontScale|screenLayout|density|uiMode"
39-->src\main\AndroidManifest.xml:18:13-163
40            android:exported="true"
40-->src\main\AndroidManifest.xml:15:13-36
41            android:hardwareAccelerated="true"
41-->src\main\AndroidManifest.xml:19:13-47
42            android:launchMode="singleTop"
42-->src\main\AndroidManifest.xml:16:13-43
43            android:theme="@style/LaunchTheme"
43-->src\main\AndroidManifest.xml:17:13-47
44            android:windowSoftInputMode="adjustResize" >
44-->src\main\AndroidManifest.xml:20:13-55
45
46            <!--
47                 Specifies an Android theme to apply to this Activity as soon as
48                 the Android process has started. This theme is visible to the user
49                 while the Flutter UI initializes. After that, this theme continues
50                 to determine the Window background behind the Flutter UI.
51            -->
52            <meta-data
52-->src\main\AndroidManifest.xml:25:13-28:17
53                android:name="io.flutter.embedding.android.NormalTheme"
53-->src\main\AndroidManifest.xml:26:15-70
54                android:resource="@style/NormalTheme" />
54-->src\main\AndroidManifest.xml:27:15-52
55            <!--
56                 Displays an Android View that continues showing the launch screen
57                 Drawable until Flutter paints its first frame, then this splash
58                 screen fades out. A splash screen is useful to avoid any visual
59                 gap between the end of Android's launch screen and the painting of
60                 Flutter's first frame.
61            -->
62            <meta-data
62-->src\main\AndroidManifest.xml:34:13-37:17
63                android:name="io.flutter.embedding.android.SplashScreenDrawable"
63-->src\main\AndroidManifest.xml:35:15-79
64                android:resource="@drawable/launch_background" />
64-->src\main\AndroidManifest.xml:36:15-61
65
66            <intent-filter>
66-->src\main\AndroidManifest.xml:38:13-41:29
67                <action android:name="android.intent.action.MAIN" />
67-->src\main\AndroidManifest.xml:39:17-68
67-->src\main\AndroidManifest.xml:39:25-66
68
69                <category android:name="android.intent.category.LAUNCHER" />
69-->src\main\AndroidManifest.xml:40:17-76
69-->src\main\AndroidManifest.xml:40:27-74
70            </intent-filter>
71            <!-- Deep linking -->
72            <meta-data
72-->src\main\AndroidManifest.xml:43:13-90
73                android:name="flutter_deeplinking_enabled"
73-->src\main\AndroidManifest.xml:43:24-66
74                android:value="true" />
74-->src\main\AndroidManifest.xml:43:67-87
75
76            <intent-filter android:autoVerify="true" >
76-->src\main\AndroidManifest.xml:44:13-49:29
76-->src\main\AndroidManifest.xml:44:28-53
77                <action android:name="android.intent.action.VIEW" />
77-->src\main\AndroidManifest.xml:45:17-69
77-->src\main\AndroidManifest.xml:45:25-66
78
79                <category android:name="android.intent.category.DEFAULT" />
79-->src\main\AndroidManifest.xml:46:17-76
79-->src\main\AndroidManifest.xml:46:27-73
80                <category android:name="android.intent.category.BROWSABLE" />
80-->src\main\AndroidManifest.xml:47:17-78
80-->src\main\AndroidManifest.xml:47:27-75
81
82                <data
82-->src\main\AndroidManifest.xml:48:17-71
83                    android:host="mir4.com"
83-->src\main\AndroidManifest.xml:48:45-68
84                    android:scheme="mir4" />
84-->src\main\AndroidManifest.xml:48:23-44
85            </intent-filter>
86        </activity>
87
88        <!--
89             Don't delete the meta-data below.
90             This is used by the Flutter tool to generate GeneratedPluginRegistrant.java
91        -->
92        <meta-data
92-->src\main\AndroidManifest.xml:55:9-57:33
93            android:name="flutterEmbedding"
93-->src\main\AndroidManifest.xml:56:13-44
94            android:value="2" />
94-->src\main\AndroidManifest.xml:57:13-30
95
96        <service
96-->[:cloud_firestore] AndroidManifest.xml:8:9-12:19
97            android:name="com.google.firebase.components.ComponentDiscoveryService"
97-->[:cloud_firestore] AndroidManifest.xml:8:18-89
98            android:directBootAware="true"
98-->[com.google.firebase:firebase-common:21.0.0] AndroidManifest.xml:32:13-43
99            android:exported="false" >
99-->[com.google.firebase:firebase-perf:21.0.5] AndroidManifest.xml:13:13-37
100            <meta-data
100-->[:cloud_firestore] AndroidManifest.xml:9:13-11:85
101                android:name="com.google.firebase.components:io.flutter.plugins.firebase.firestore.FlutterFirebaseFirestoreRegistrar"
101-->[:cloud_firestore] AndroidManifest.xml:10:17-134
102                android:value="com.google.firebase.components.ComponentRegistrar" />
102-->[:cloud_firestore] AndroidManifest.xml:11:17-82
103            <meta-data
103-->[:cloud_functions] AndroidManifest.xml:9:13-11:85
104                android:name="com.google.firebase.components:io.flutter.plugins.firebase.functions.FlutterFirebaseAppRegistrar"
104-->[:cloud_functions] AndroidManifest.xml:10:17-128
105                android:value="com.google.firebase.components.ComponentRegistrar" />
105-->[:cloud_functions] AndroidManifest.xml:11:17-82
106            <meta-data
106-->[:firebase_auth] AndroidManifest.xml:9:13-11:85
107                android:name="com.google.firebase.components:io.flutter.plugins.firebase.auth.FlutterFirebaseAuthRegistrar"
107-->[:firebase_auth] AndroidManifest.xml:10:17-124
108                android:value="com.google.firebase.components.ComponentRegistrar" />
108-->[:firebase_auth] AndroidManifest.xml:11:17-82
109            <meta-data
109-->[:firebase_database] AndroidManifest.xml:9:13-11:85
110                android:name="com.google.firebase.components:io.flutter.plugins.firebase.database.FlutterFirebaseAppRegistrar"
110-->[:firebase_database] AndroidManifest.xml:10:17-127
111                android:value="com.google.firebase.components.ComponentRegistrar" />
111-->[:firebase_database] AndroidManifest.xml:11:17-82
112            <meta-data
112-->[:firebase_messaging] AndroidManifest.xml:36:13-38:85
113                android:name="com.google.firebase.components:io.flutter.plugins.firebase.messaging.FlutterFirebaseAppRegistrar"
113-->[:firebase_messaging] AndroidManifest.xml:37:17-128
114                android:value="com.google.firebase.components.ComponentRegistrar" />
114-->[:firebase_messaging] AndroidManifest.xml:38:17-82
115            <meta-data
115-->[:firebase_performance] AndroidManifest.xml:11:13-13:85
116                android:name="com.google.firebase.components:io.flutter.plugins.firebase.performance.FlutterFirebaseAppRegistrar"
116-->[:firebase_performance] AndroidManifest.xml:12:17-130
117                android:value="com.google.firebase.components.ComponentRegistrar" />
117-->[:firebase_performance] AndroidManifest.xml:13:17-82
118            <meta-data
118-->[:firebase_core] AndroidManifest.xml:9:13-11:85
119                android:name="com.google.firebase.components:io.flutter.plugins.firebase.core.FlutterFirebaseCoreRegistrar"
119-->[:firebase_core] AndroidManifest.xml:10:17-124
120                android:value="com.google.firebase.components.ComponentRegistrar" />
120-->[:firebase_core] AndroidManifest.xml:11:17-82
121            <meta-data
121-->[com.google.firebase:firebase-perf:21.0.5] AndroidManifest.xml:14:13-16:85
122                android:name="com.google.firebase.components:com.google.firebase.perf.FirebasePerfKtxRegistrar"
122-->[com.google.firebase:firebase-perf:21.0.5] AndroidManifest.xml:15:17-112
123                android:value="com.google.firebase.components.ComponentRegistrar" />
123-->[com.google.firebase:firebase-perf:21.0.5] AndroidManifest.xml:16:17-82
124            <meta-data
124-->[com.google.firebase:firebase-perf:21.0.5] AndroidManifest.xml:17:13-19:85
125                android:name="com.google.firebase.components:com.google.firebase.perf.FirebasePerfRegistrar"
125-->[com.google.firebase:firebase-perf:21.0.5] AndroidManifest.xml:18:17-109
126                android:value="com.google.firebase.components.ComponentRegistrar" />
126-->[com.google.firebase:firebase-perf:21.0.5] AndroidManifest.xml:19:17-82
127            <meta-data
127-->[com.google.firebase:firebase-auth:23.2.0] AndroidManifest.xml:69:13-71:85
128                android:name="com.google.firebase.components:com.google.firebase.auth.FirebaseAuthRegistrar"
128-->[com.google.firebase:firebase-auth:23.2.0] AndroidManifest.xml:70:17-109
129                android:value="com.google.firebase.components.ComponentRegistrar" />
129-->[com.google.firebase:firebase-auth:23.2.0] AndroidManifest.xml:71:17-82
130            <meta-data
130-->[com.google.firebase:firebase-functions:21.2.0] AndroidManifest.xml:15:13-17:85
131                android:name="com.google.firebase.components:com.google.firebase.functions.FirebaseFunctionsKtxRegistrar"
131-->[com.google.firebase:firebase-functions:21.2.0] AndroidManifest.xml:16:17-122
132                android:value="com.google.firebase.components.ComponentRegistrar" />
132-->[com.google.firebase:firebase-functions:21.2.0] AndroidManifest.xml:17:17-82
133            <meta-data
133-->[com.google.firebase:firebase-functions:21.2.0] AndroidManifest.xml:18:13-20:85
134                android:name="com.google.firebase.components:com.google.firebase.functions.FunctionsRegistrar"
134-->[com.google.firebase:firebase-functions:21.2.0] AndroidManifest.xml:19:17-111
135                android:value="com.google.firebase.components.ComponentRegistrar" />
135-->[com.google.firebase:firebase-functions:21.2.0] AndroidManifest.xml:20:17-82
136            <meta-data
136-->[com.google.firebase:firebase-iid:21.1.0] AndroidManifest.xml:32:13-34:85
137                android:name="com.google.firebase.components:com.google.firebase.iid.Registrar"
137-->[com.google.firebase:firebase-iid:21.1.0] AndroidManifest.xml:33:17-96
138                android:value="com.google.firebase.components.ComponentRegistrar" />
138-->[com.google.firebase:firebase-iid:21.1.0] AndroidManifest.xml:34:17-82
139            <meta-data
139-->[com.google.firebase:firebase-messaging:24.1.1] AndroidManifest.xml:57:13-59:85
140                android:name="com.google.firebase.components:com.google.firebase.messaging.FirebaseMessagingKtxRegistrar"
140-->[com.google.firebase:firebase-messaging:24.1.1] AndroidManifest.xml:58:17-122
141                android:value="com.google.firebase.components.ComponentRegistrar" />
141-->[com.google.firebase:firebase-messaging:24.1.1] AndroidManifest.xml:59:17-82
142            <meta-data
142-->[com.google.firebase:firebase-messaging:24.1.1] AndroidManifest.xml:60:13-62:85
143                android:name="com.google.firebase.components:com.google.firebase.messaging.FirebaseMessagingRegistrar"
143-->[com.google.firebase:firebase-messaging:24.1.1] AndroidManifest.xml:61:17-119
144                android:value="com.google.firebase.components.ComponentRegistrar" />
144-->[com.google.firebase:firebase-messaging:24.1.1] AndroidManifest.xml:62:17-82
145            <meta-data
145-->[com.google.firebase:firebase-database:21.0.0] AndroidManifest.xml:29:13-31:85
146                android:name="com.google.firebase.components:com.google.firebase.database.FirebaseDatabaseKtxRegistrar"
146-->[com.google.firebase:firebase-database:21.0.0] AndroidManifest.xml:30:17-120
147                android:value="com.google.firebase.components.ComponentRegistrar" />
147-->[com.google.firebase:firebase-database:21.0.0] AndroidManifest.xml:31:17-82
148            <meta-data
148-->[com.google.firebase:firebase-database:21.0.0] AndroidManifest.xml:32:13-34:85
149                android:name="com.google.firebase.components:com.google.firebase.database.DatabaseRegistrar"
149-->[com.google.firebase:firebase-database:21.0.0] AndroidManifest.xml:33:17-109
150                android:value="com.google.firebase.components.ComponentRegistrar" />
150-->[com.google.firebase:firebase-database:21.0.0] AndroidManifest.xml:34:17-82
151            <meta-data
151-->[com.google.firebase:firebase-firestore:25.1.3] AndroidManifest.xml:17:13-19:85
152                android:name="com.google.firebase.components:com.google.firebase.firestore.FirebaseFirestoreKtxRegistrar"
152-->[com.google.firebase:firebase-firestore:25.1.3] AndroidManifest.xml:18:17-122
153                android:value="com.google.firebase.components.ComponentRegistrar" />
153-->[com.google.firebase:firebase-firestore:25.1.3] AndroidManifest.xml:19:17-82
154            <meta-data
154-->[com.google.firebase:firebase-firestore:25.1.3] AndroidManifest.xml:20:13-22:85
155                android:name="com.google.firebase.components:com.google.firebase.firestore.FirestoreRegistrar"
155-->[com.google.firebase:firebase-firestore:25.1.3] AndroidManifest.xml:21:17-111
156                android:value="com.google.firebase.components.ComponentRegistrar" />
156-->[com.google.firebase:firebase-firestore:25.1.3] AndroidManifest.xml:22:17-82
157            <meta-data
157-->[com.google.firebase:firebase-sessions:2.0.7] AndroidManifest.xml:29:13-31:85
158                android:name="com.google.firebase.components:com.google.firebase.sessions.FirebaseSessionsRegistrar"
158-->[com.google.firebase:firebase-sessions:2.0.7] AndroidManifest.xml:30:17-117
159                android:value="com.google.firebase.components.ComponentRegistrar" />
159-->[com.google.firebase:firebase-sessions:2.0.7] AndroidManifest.xml:31:17-82
160            <meta-data
160-->[com.google.firebase:firebase-config:22.1.0] AndroidManifest.xml:29:13-31:85
161                android:name="com.google.firebase.components:com.google.firebase.remoteconfig.FirebaseRemoteConfigKtxRegistrar"
161-->[com.google.firebase:firebase-config:22.1.0] AndroidManifest.xml:30:17-128
162                android:value="com.google.firebase.components.ComponentRegistrar" />
162-->[com.google.firebase:firebase-config:22.1.0] AndroidManifest.xml:31:17-82
163            <meta-data
163-->[com.google.firebase:firebase-config:22.1.0] AndroidManifest.xml:32:13-34:85
164                android:name="com.google.firebase.components:com.google.firebase.remoteconfig.RemoteConfigRegistrar"
164-->[com.google.firebase:firebase-config:22.1.0] AndroidManifest.xml:33:17-117
165                android:value="com.google.firebase.components.ComponentRegistrar" />
165-->[com.google.firebase:firebase-config:22.1.0] AndroidManifest.xml:34:17-82
166            <meta-data
166-->[com.google.firebase:firebase-installations:18.0.0] AndroidManifest.xml:15:13-17:85
167                android:name="com.google.firebase.components:com.google.firebase.installations.FirebaseInstallationsKtxRegistrar"
167-->[com.google.firebase:firebase-installations:18.0.0] AndroidManifest.xml:16:17-130
168                android:value="com.google.firebase.components.ComponentRegistrar" />
168-->[com.google.firebase:firebase-installations:18.0.0] AndroidManifest.xml:17:17-82
169            <meta-data
169-->[com.google.firebase:firebase-installations:18.0.0] AndroidManifest.xml:18:13-20:85
170                android:name="com.google.firebase.components:com.google.firebase.installations.FirebaseInstallationsRegistrar"
170-->[com.google.firebase:firebase-installations:18.0.0] AndroidManifest.xml:19:17-127
171                android:value="com.google.firebase.components.ComponentRegistrar" />
171-->[com.google.firebase:firebase-installations:18.0.0] AndroidManifest.xml:20:17-82
172            <meta-data
172-->[com.google.firebase:firebase-common-ktx:21.0.0] AndroidManifest.xml:12:13-14:85
173                android:name="com.google.firebase.components:com.google.firebase.ktx.FirebaseCommonLegacyRegistrar"
173-->[com.google.firebase:firebase-common-ktx:21.0.0] AndroidManifest.xml:13:17-116
174                android:value="com.google.firebase.components.ComponentRegistrar" />
174-->[com.google.firebase:firebase-common-ktx:21.0.0] AndroidManifest.xml:14:17-82
175            <meta-data
175-->[com.google.firebase:firebase-common:21.0.0] AndroidManifest.xml:35:13-37:85
176                android:name="com.google.firebase.components:com.google.firebase.FirebaseCommonKtxRegistrar"
176-->[com.google.firebase:firebase-common:21.0.0] AndroidManifest.xml:36:17-109
177                android:value="com.google.firebase.components.ComponentRegistrar" />
177-->[com.google.firebase:firebase-common:21.0.0] AndroidManifest.xml:37:17-82
178            <meta-data
178-->[com.google.firebase:firebase-abt:21.1.1] AndroidManifest.xml:12:13-14:85
179                android:name="com.google.firebase.components:com.google.firebase.abt.component.AbtRegistrar"
179-->[com.google.firebase:firebase-abt:21.1.1] AndroidManifest.xml:13:17-109
180                android:value="com.google.firebase.components.ComponentRegistrar" />
180-->[com.google.firebase:firebase-abt:21.1.1] AndroidManifest.xml:14:17-82
181            <meta-data
181-->[com.google.firebase:firebase-datatransport:19.0.0] AndroidManifest.xml:25:13-27:85
182                android:name="com.google.firebase.components:com.google.firebase.datatransport.TransportRegistrar"
182-->[com.google.firebase:firebase-datatransport:19.0.0] AndroidManifest.xml:26:17-115
183                android:value="com.google.firebase.components.ComponentRegistrar" />
183-->[com.google.firebase:firebase-datatransport:19.0.0] AndroidManifest.xml:27:17-82
184        </service>
185        <service
185-->[:firebase_messaging] AndroidManifest.xml:14:9-17:72
186            android:name="io.flutter.plugins.firebase.messaging.FlutterFirebaseMessagingBackgroundService"
186-->[:firebase_messaging] AndroidManifest.xml:15:13-107
187            android:exported="false"
187-->[:firebase_messaging] AndroidManifest.xml:16:13-37
188            android:permission="android.permission.BIND_JOB_SERVICE" />
188-->[:firebase_messaging] AndroidManifest.xml:17:13-69
189        <service
189-->[:firebase_messaging] AndroidManifest.xml:18:9-24:19
190            android:name="io.flutter.plugins.firebase.messaging.FlutterFirebaseMessagingService"
190-->[:firebase_messaging] AndroidManifest.xml:19:13-97
191            android:exported="false" >
191-->[:firebase_messaging] AndroidManifest.xml:20:13-37
192            <intent-filter>
192-->[:firebase_messaging] AndroidManifest.xml:21:13-23:29
193                <action android:name="com.google.firebase.MESSAGING_EVENT" />
193-->[:firebase_messaging] AndroidManifest.xml:22:17-78
193-->[:firebase_messaging] AndroidManifest.xml:22:25-75
194            </intent-filter>
195        </service>
196
197        <receiver
197-->[:firebase_messaging] AndroidManifest.xml:26:9-33:20
198            android:name="io.flutter.plugins.firebase.messaging.FlutterFirebaseMessagingReceiver"
198-->[:firebase_messaging] AndroidManifest.xml:27:13-98
199            android:exported="true"
199-->[:firebase_messaging] AndroidManifest.xml:28:13-36
200            android:permission="com.google.android.c2dm.permission.SEND" >
200-->[:firebase_messaging] AndroidManifest.xml:29:13-73
201            <intent-filter>
201-->[:firebase_messaging] AndroidManifest.xml:30:13-32:29
202                <action android:name="com.google.android.c2dm.intent.RECEIVE" />
202-->[:firebase_messaging] AndroidManifest.xml:31:17-81
202-->[:firebase_messaging] AndroidManifest.xml:31:25-78
203            </intent-filter>
204        </receiver>
205
206        <provider
206-->[:firebase_messaging] AndroidManifest.xml:41:9-45:38
207            android:name="io.flutter.plugins.firebase.messaging.FlutterFirebaseMessagingInitProvider"
207-->[:firebase_messaging] AndroidManifest.xml:42:13-102
208            android:authorities="mir4.inovanex.flutterfirebasemessaginginitprovider"
208-->[:firebase_messaging] AndroidManifest.xml:43:13-88
209            android:exported="false"
209-->[:firebase_messaging] AndroidManifest.xml:44:13-37
210            android:initOrder="99" />
210-->[:firebase_messaging] AndroidManifest.xml:45:13-35
211
212        <activity android:name="com.amolg.flutterbarcodescanner.BarcodeCaptureActivity" />
212-->[:flutter_barcode_scanner] AndroidManifest.xml:16:9-91
212-->[:flutter_barcode_scanner] AndroidManifest.xml:16:19-88
213        <!--
214           Declares a provider which allows us to store files to share in
215           '.../caches/share_plus' and grant the receiving action access
216        -->
217        <provider
217-->[:share_plus] AndroidManifest.xml:13:9-21:20
218            android:name="dev.fluttercommunity.plus.share.ShareFileProvider"
218-->[:share_plus] AndroidManifest.xml:14:13-77
219            android:authorities="mir4.inovanex.flutter.share_provider"
219-->[:share_plus] AndroidManifest.xml:15:13-74
220            android:exported="false"
220-->[:share_plus] AndroidManifest.xml:16:13-37
221            android:grantUriPermissions="true" >
221-->[:share_plus] AndroidManifest.xml:17:13-47
222            <meta-data
222-->[:share_plus] AndroidManifest.xml:18:13-20:68
223                android:name="android.support.FILE_PROVIDER_PATHS"
223-->[:share_plus] AndroidManifest.xml:19:17-67
224                android:resource="@xml/flutter_share_file_paths" />
224-->[:share_plus] AndroidManifest.xml:20:17-65
225        </provider>
226        <!--
227           This manifest declared broadcast receiver allows us to use an explicit
228           Intent when creating a PendingItent to be informed of the user's choice
229        -->
230        <receiver
230-->[:share_plus] AndroidManifest.xml:26:9-32:20
231            android:name="dev.fluttercommunity.plus.share.SharePlusPendingIntent"
231-->[:share_plus] AndroidManifest.xml:27:13-82
232            android:exported="false" >
232-->[:share_plus] AndroidManifest.xml:28:13-37
233            <intent-filter>
233-->[:share_plus] AndroidManifest.xml:29:13-31:29
234                <action android:name="EXTRA_CHOSEN_COMPONENT" />
234-->[:share_plus] AndroidManifest.xml:30:17-65
234-->[:share_plus] AndroidManifest.xml:30:25-62
235            </intent-filter>
236        </receiver>
237
238        <activity
238-->[:url_launcher_android] AndroidManifest.xml:8:9-11:74
239            android:name="io.flutter.plugins.urllauncher.WebViewActivity"
239-->[:url_launcher_android] AndroidManifest.xml:9:13-74
240            android:exported="false"
240-->[:url_launcher_android] AndroidManifest.xml:10:13-37
241            android:theme="@android:style/Theme.NoTitleBar.Fullscreen" />
241-->[:url_launcher_android] AndroidManifest.xml:11:13-71
242        <activity
242-->[com.google.firebase:firebase-auth:23.2.0] AndroidManifest.xml:29:9-46:20
243            android:name="com.google.firebase.auth.internal.GenericIdpActivity"
243-->[com.google.firebase:firebase-auth:23.2.0] AndroidManifest.xml:30:13-80
244            android:excludeFromRecents="true"
244-->[com.google.firebase:firebase-auth:23.2.0] AndroidManifest.xml:31:13-46
245            android:exported="true"
245-->[com.google.firebase:firebase-auth:23.2.0] AndroidManifest.xml:32:13-36
246            android:launchMode="singleTask"
246-->[com.google.firebase:firebase-auth:23.2.0] AndroidManifest.xml:33:13-44
247            android:theme="@android:style/Theme.Translucent.NoTitleBar" >
247-->[com.google.firebase:firebase-auth:23.2.0] AndroidManifest.xml:34:13-72
248            <intent-filter>
248-->[com.google.firebase:firebase-auth:23.2.0] AndroidManifest.xml:35:13-45:29
249                <action android:name="android.intent.action.VIEW" />
249-->src\main\AndroidManifest.xml:45:17-69
249-->src\main\AndroidManifest.xml:45:25-66
250
251                <category android:name="android.intent.category.DEFAULT" />
251-->src\main\AndroidManifest.xml:46:17-76
251-->src\main\AndroidManifest.xml:46:27-73
252                <category android:name="android.intent.category.BROWSABLE" />
252-->src\main\AndroidManifest.xml:47:17-78
252-->src\main\AndroidManifest.xml:47:27-75
253
254                <data
254-->src\main\AndroidManifest.xml:48:17-71
255                    android:host="firebase.auth"
255-->src\main\AndroidManifest.xml:48:45-68
256                    android:path="/"
257                    android:scheme="genericidp" />
257-->src\main\AndroidManifest.xml:48:23-44
258            </intent-filter>
259        </activity>
260        <activity
260-->[com.google.firebase:firebase-auth:23.2.0] AndroidManifest.xml:47:9-64:20
261            android:name="com.google.firebase.auth.internal.RecaptchaActivity"
261-->[com.google.firebase:firebase-auth:23.2.0] AndroidManifest.xml:48:13-79
262            android:excludeFromRecents="true"
262-->[com.google.firebase:firebase-auth:23.2.0] AndroidManifest.xml:49:13-46
263            android:exported="true"
263-->[com.google.firebase:firebase-auth:23.2.0] AndroidManifest.xml:50:13-36
264            android:launchMode="singleTask"
264-->[com.google.firebase:firebase-auth:23.2.0] AndroidManifest.xml:51:13-44
265            android:theme="@android:style/Theme.Translucent.NoTitleBar" >
265-->[com.google.firebase:firebase-auth:23.2.0] AndroidManifest.xml:52:13-72
266            <intent-filter>
266-->[com.google.firebase:firebase-auth:23.2.0] AndroidManifest.xml:53:13-63:29
267                <action android:name="android.intent.action.VIEW" />
267-->src\main\AndroidManifest.xml:45:17-69
267-->src\main\AndroidManifest.xml:45:25-66
268
269                <category android:name="android.intent.category.DEFAULT" />
269-->src\main\AndroidManifest.xml:46:17-76
269-->src\main\AndroidManifest.xml:46:27-73
270                <category android:name="android.intent.category.BROWSABLE" />
270-->src\main\AndroidManifest.xml:47:17-78
270-->src\main\AndroidManifest.xml:47:27-75
271
272                <data
272-->src\main\AndroidManifest.xml:48:17-71
273                    android:host="firebase.auth"
273-->src\main\AndroidManifest.xml:48:45-68
274                    android:path="/"
275                    android:scheme="recaptcha" />
275-->src\main\AndroidManifest.xml:48:23-44
276            </intent-filter>
277        </activity>
278
279        <uses-library
279-->[androidx.window:window:1.2.0] AndroidManifest.xml:23:9-25:40
280            android:name="androidx.window.extensions"
280-->[androidx.window:window:1.2.0] AndroidManifest.xml:24:13-54
281            android:required="false" />